Release 14.7 Map P.20131013 (nt64)
Xilinx Mapping Report File for Design 'RF_plus_ALU'

Design Information
------------------
Command Line   : map -intstyle ise -p xc6vlx75t-ff484-3 -w -logic_opt off -ol
high -t 1 -xt 0 -register_duplication off -r 4 -global_opt off -mt off -ir off
-pr off -lc off -power off -o RF_plus_ALU_map.ncd RF_plus_ALU.ngd
RF_plus_ALU.pcf 
Target Device  : xc6vlx75t
Target Package : ff484
Target Speed   : -3
Mapper Version : virtex6 -- $Revision: 1.55 $
Mapped Date    : Thu Sep 29 19:07:14 2022

Design Summary
--------------
Number of errors:      0
Number of warnings:    0
Slice Logic Utilization:
  Number of Slice Registers:                     0 out of  93,120    0%
  Number of Slice LUTs:                        557 out of  46,560    1%
    Number used as logic:                      557 out of  46,560    1%
      Number using O6 output only:             557
      Number using O5 output only:               0
      Number using O5 and O6:                    0
      Number used as ROM:                        0
    Number used as Memory:                       0 out of  16,720    0%
    Number used exclusively as route-thrus:      0

Slice Logic Distribution:
  Number of occupied Slices:                   287 out of  11,640    2%
  Number of LUT Flip Flop pairs used:          557
    Number with an unused Flip Flop:           557 out of     557  100%
    Number with an unused LUT:                   0 out of     557    0%
    Number of fully used LUT-FF pairs:           0 out of     557    0%
    Number of slice register sites lost
      to control set restrictions:               0 out of  93,120    0%

  A LUT Flip Flop pair for this architecture represents one LUT paired with
  one Flip Flop within a slice.  A control set is a unique combination of
  clock, reset, set, and enable signals for a registered element.
  The Slice Logic Distribution report is not meaningful if the design is
  over-mapped for a non-slice resource or if Placement fails.
  OVERMAPPING of BRAM resources should be ignored if the design is
  over-mapped for a non-BRAM resource or if placement fails.

IO Utilization:
  Number of bonded IOBs:                        86 out of     240   35%

Specific Feature Utilization:
  Number of RAMB36E1/FIFO36E1s:                  0 out of     156    0%
  Number of RAMB18E1/FIFO18E1s:                  0 out of     312    0%
  Number of BUFG/BUFGCTRLs:                      0 out of      32    0%
  Number of ILOGICE1/ISERDESE1s:                 0 out of     360    0%
  Number of OLOGICE1/OSERDESE1s:                 0 out of     360    0%
  Number of BSCANs:                              0 out of       4    0%
  Number of BUFHCEs:                             0 out of      72    0%
  Number of BUFIODQSs:                           0 out of      36    0%
  Number of BUFRs:                               0 out of      18    0%
  Number of CAPTUREs:                            0 out of       1    0%
  Number of DSP48E1s:                            0 out of     288    0%
  Number of EFUSE_USRs:                          0 out of       1    0%
  Number of FRAME_ECCs:                          0 out of       1    0%
  Number of GTXE1s:                              0 out of       8    0%
  Number of IBUFDS_GTXE1s:                       0 out of       6    0%
  Number of ICAPs:                               0 out of       2    0%
  Number of IDELAYCTRLs:                         0 out of       9    0%
  Number of IODELAYE1s:                          0 out of     360    0%
  Number of MMCM_ADVs:                           0 out of       6    0%
  Number of PCIE_2_0s:                           0 out of       1    0%
  Number of STARTUPs:                            1 out of       1  100%
  Number of SYSMONs:                             0 out of       1    0%
  Number of TEMAC_SINGLEs:                       0 out of       4    0%

Average Fanout of Non-Clock Nets:                3.97

Peak Memory Usage:  4759 MB
Total REAL time to MAP completion:  53 secs 
Total CPU time to MAP completion:   43 secs 

Table of Contents
-----------------
Section 1 - Errors
Section 2 - Warnings
Section 3 - Informational
Section 4 - Removed Logic Summary
Section 5 - Removed Logic
Section 6 - IOB Properties
Section 7 - RPMs
Section 8 - Guide Report
Section 9 - Area Group and Partition Summary
Section 10 - Timing Report
Section 11 - Configuration String Information
Section 12 - Control Set Information
Section 13 - Utilization by Hierarchy

Section 1 - Errors
------------------

Section 2 - Warnings
--------------------

Section 3 - Informational
-------------------------
INFO:MapLib:562 - No environment variables are currently set.
INFO:LIT:244 - All of the single ended outputs in this design are using slew
   rate limited output drivers. The delay on speed critical single ended outputs
   can be dramatically reduced by designating them as fast outputs.
INFO:Pack:1716 - Initializing temperature to 85.000 Celsius. (default - Range:
   0.000 to 85.000 Celsius)
INFO:Pack:1720 - Initializing voltage to 0.950 Volts. (default - Range: 0.950 to
   1.050 Volts)
INFO:Map:215 - The Interim Design Summary has been generated in the MAP Report
   (.mrp).
INFO:Pack:1650 - Map created a placed design.

Section 4 - Removed Logic Summary
---------------------------------
  23 block(s) optimized away

Section 5 - Removed Logic
-------------------------

Optimized Block(s):
TYPE 		BLOCK
AND2 		XLXI_2/XLXI_1/XLXI_2
AND2 		XLXI_2/XLXI_10/XLXI_2
AND2 		XLXI_2/XLXI_11/XLXI_2
AND2 		XLXI_2/XLXI_12/XLXI_2
AND2 		XLXI_2/XLXI_13/XLXI_2
AND2 		XLXI_2/XLXI_14/XLXI_2
AND2 		XLXI_2/XLXI_15/XLXI_2
AND2 		XLXI_2/XLXI_2/XLXI_2
AND2 		XLXI_2/XLXI_3/XLXI_2
AND2 		XLXI_2/XLXI_4/XLXI_2
AND2 		XLXI_2/XLXI_9/XLXI_2
BUF 		XLXI_31_10
BUF 		XLXI_31_11
BUF 		XLXI_31_12
BUF 		XLXI_31_13
BUF 		XLXI_31_14
BUF 		XLXI_31_15
BUF 		XLXI_31_5
BUF 		XLXI_31_6
BUF 		XLXI_31_7
BUF 		XLXI_31_8
BUF 		XLXI_31_9
GND 		XLXI_32_15

To enable printing of redundant blocks removed and signals merged, set the
detailed map report option and rerun map.

Section 6 - IOB Properties
--------------------------

+---------------------------------------------------------------------------------------------------------------------------------------------------------+
| IOB Name                           | Type             | Direction | IO Standard          | Diff  | Drive    | Slew | Reg (s)      | Resistor | IOB      |
|                                    |                  |           |                      | Term  | Strength | Rate |              |          | Delay    |
+---------------------------------------------------------------------------------------------------------------------------------------------------------+
| ALU_Operator                       | IOB              | INPUT     | LVCMOS25             |       |          |      |              |          |          |
| C                                  | IOB              | OUTPUT    | LVCMOS25             |       | 12       | SLOW |              |          |          |
| N                                  | IOB              | OUTPUT    | LVCMOS25             |       | 12       | SLOW |              |          |          |
| OutA<0>                            | IOB              | OUTPUT    | LVCMOS25             |       | 12       | SLOW |              |          |          |
| OutA<1>                            | IOB              | OUTPUT    | LVCMOS25             |       | 12       | SLOW |              |          |          |
| OutA<2>                            | IOB              | OUTPUT    | LVCMOS25             |       | 12       | SLOW |              |          |          |
| OutA<3>                            | IOB              | OUTPUT    | LVCMOS25             |       | 12       | SLOW |              |          |          |
| OutA<4>                            | IOB              | OUTPUT    | LVCMOS25             |       | 12       | SLOW |              |          |          |
| OutA<5>                            | IOB              | OUTPUT    | LVCMOS25             |       | 12       | SLOW |              |          |          |
| OutA<6>                            | IOB              | OUTPUT    | LVCMOS25             |       | 12       | SLOW |              |          |          |
| OutA<7>                            | IOB              | OUTPUT    | LVCMOS25             |       | 12       | SLOW |              |          |          |
| OutA<8>                            | IOB              | OUTPUT    | LVCMOS25             |       | 12       | SLOW |              |          |          |
| OutA<9>                            | IOB              | OUTPUT    | LVCMOS25             |       | 12       | SLOW |              |          |          |
| OutA<10>                           | IOB              | OUTPUT    | LVCMOS25             |       | 12       | SLOW |              |          |          |
| OutA<11>                           | IOB              | OUTPUT    | LVCMOS25             |       | 12       | SLOW |              |          |          |
| OutA<12>                           | IOB              | OUTPUT    | LVCMOS25             |       | 12       | SLOW |              |          |          |
| OutA<13>                           | IOB              | OUTPUT    | LVCMOS25             |       | 12       | SLOW |              |          |          |
| OutA<14>                           | IOB              | OUTPUT    | LVCMOS25             |       | 12       | SLOW |              |          |          |
| OutA<15>                           | IOB              | OUTPUT    | LVCMOS25             |       | 12       | SLOW |              |          |          |
| OutB<0>                            | IOB              | OUTPUT    | LVCMOS25             |       | 12       | SLOW |              |          |          |
| OutB<1>                            | IOB              | OUTPUT    | LVCMOS25             |       | 12       | SLOW |              |          |          |
| OutB<2>                            | IOB              | OUTPUT    | LVCMOS25             |       | 12       | SLOW |              |          |          |
| OutB<3>                            | IOB              | OUTPUT    | LVCMOS25             |       | 12       | SLOW |              |          |          |
| OutB<4>                            | IOB              | OUTPUT    | LVCMOS25             |       | 12       | SLOW |              |          |          |
| OutB<5>                            | IOB              | OUTPUT    | LVCMOS25             |       | 12       | SLOW |              |          |          |
| OutB<6>                            | IOB              | OUTPUT    | LVCMOS25             |       | 12       | SLOW |              |          |          |
| OutB<7>                            | IOB              | OUTPUT    | LVCMOS25             |       | 12       | SLOW |              |          |          |
| OutB<8>                            | IOB              | OUTPUT    | LVCMOS25             |       | 12       | SLOW |              |          |          |
| OutB<9>                            | IOB              | OUTPUT    | LVCMOS25             |       | 12       | SLOW |              |          |          |
| OutB<10>                           | IOB              | OUTPUT    | LVCMOS25             |       | 12       | SLOW |              |          |          |
| OutB<11>                           | IOB              | OUTPUT    | LVCMOS25             |       | 12       | SLOW |              |          |          |
| OutB<12>                           | IOB              | OUTPUT    | LVCMOS25             |       | 12       | SLOW |              |          |          |
| OutB<13>                           | IOB              | OUTPUT    | LVCMOS25             |       | 12       | SLOW |              |          |          |
| OutB<14>                           | IOB              | OUTPUT    | LVCMOS25             |       | 12       | SLOW |              |          |          |
| OutB<15>                           | IOB              | OUTPUT    | LVCMOS25             |       | 12       | SLOW |              |          |          |
| Read_Addr_A<0>                     | IOB              | INPUT     | LVCMOS25             |       |          |      |              |          |          |
| Read_Addr_A<1>                     | IOB              | INPUT     | LVCMOS25             |       |          |      |              |          |          |
| Read_Addr_A<2>                     | IOB              | INPUT     | LVCMOS25             |       |          |      |              |          |          |
| Read_Addr_B<0>                     | IOB              | INPUT     | LVCMOS25             |       |          |      |              |          |          |
| Read_Addr_B<1>                     | IOB              | INPUT     | LVCMOS25             |       |          |      |              |          |          |
| Read_Addr_B<2>                     | IOB              | INPUT     | LVCMOS25             |       |          |      |              |          |          |
| Src_ALU_B                          | IOB              | INPUT     | LVCMOS25             |       |          |      |              |          |          |
| V                                  | IOB              | OUTPUT    | LVCMOS25             |       | 12       | SLOW |              |          |          |
| Write_Addr<0>                      | IOB              | INPUT     | LVCMOS25             |       |          |      |              |          |          |
| Write_Addr<1>                      | IOB              | INPUT     | LVCMOS25             |       |          |      |              |          |          |
| Write_Addr<2>                      | IOB              | INPUT     | LVCMOS25             |       |          |      |              |          |          |
| Write_Data<0>                      | IOB              | INPUT     | LVCMOS25             |       |          |      |              |          |          |
| Write_Data<1>                      | IOB              | INPUT     | LVCMOS25             |       |          |      |              |          |          |
| Write_Data<2>                      | IOB              | INPUT     | LVCMOS25             |       |          |      |              |          |          |
| Write_Data<3>                      | IOB              | INPUT     | LVCMOS25             |       |          |      |              |          |          |
| Write_Data<4>                      | IOB              | INPUT     | LVCMOS25             |       |          |      |              |          |          |
| Write_Data<5>                      | IOB              | INPUT     | LVCMOS25             |       |          |      |              |          |          |
| Write_Data<6>                      | IOB              | INPUT     | LVCMOS25             |       |          |      |              |          |          |
| Write_Data<7>                      | IOB              | INPUT     | LVCMOS25             |       |          |      |              |          |          |
| Write_Data<8>                      | IOB              | INPUT     | LVCMOS25             |       |          |      |              |          |          |
| Write_Data<9>                      | IOB              | INPUT     | LVCMOS25             |       |          |      |              |          |          |
| Write_Data<10>                     | IOB              | INPUT     | LVCMOS25             |       |          |      |              |          |          |
| Write_Data<11>                     | IOB              | INPUT     | LVCMOS25             |       |          |      |              |          |          |
| Write_Data<12>                     | IOB              | INPUT     | LVCMOS25             |       |          |      |              |          |          |
| Write_Data<13>                     | IOB              | INPUT     | LVCMOS25             |       |          |      |              |          |          |
| Write_Data<14>                     | IOB              | INPUT     | LVCMOS25             |       |          |      |              |          |          |
| Write_Data<15>                     | IOB              | INPUT     | LVCMOS25             |       |          |      |              |          |          |
| Write_En                           | IOB              | INPUT     | LVCMOS25             |       |          |      |              |          |          |
| Y<0>                               | IOB              | OUTPUT    | LVCMOS25             |       | 12       | SLOW |              |          |          |
| Y<1>                               | IOB              | OUTPUT    | LVCMOS25             |       | 12       | SLOW |              |          |          |
| Y<2>                               | IOB              | OUTPUT    | LVCMOS25             |       | 12       | SLOW |              |          |          |
| Y<3>                               | IOB              | OUTPUT    | LVCMOS25             |       | 12       | SLOW |              |          |          |
| Y<4>                               | IOB              | OUTPUT    | LVCMOS25             |       | 12       | SLOW |              |          |          |
| Y<5>                               | IOB              | OUTPUT    | LVCMOS25             |       | 12       | SLOW |              |          |          |
| Y<6>                               | IOB              | OUTPUT    | LVCMOS25             |       | 12       | SLOW |              |          |          |
| Y<7>                               | IOB              | OUTPUT    | LVCMOS25             |       | 12       | SLOW |              |          |          |
| Y<8>                               | IOB              | OUTPUT    | LVCMOS25             |       | 12       | SLOW |              |          |          |
| Y<9>                               | IOB              | OUTPUT    | LVCMOS25             |       | 12       | SLOW |              |          |          |
| Y<10>                              | IOB              | OUTPUT    | LVCMOS25             |       | 12       | SLOW |              |          |          |
| Y<11>                              | IOB              | OUTPUT    | LVCMOS25             |       | 12       | SLOW |              |          |          |
| Y<12>                              | IOB              | OUTPUT    | LVCMOS25             |       | 12       | SLOW |              |          |          |
| Y<13>                              | IOB              | OUTPUT    | LVCMOS25             |       | 12       | SLOW |              |          |          |
| Y<14>                              | IOB              | OUTPUT    | LVCMOS25             |       | 12       | SLOW |              |          |          |
| Y<15>                              | IOB              | OUTPUT    | LVCMOS25             |       | 12       | SLOW |              |          |          |
| Z                                  | IOB              | OUTPUT    | LVCMOS25             |       | 12       | SLOW |              |          |          |
| clk                                | IOB              | INPUT     | LVCMOS25             |       |          |      |              |          |          |
| imm5<0>                            | IOB              | INPUT     | LVCMOS25             |       |          |      |              |          |          |
| imm5<1>                            | IOB              | INPUT     | LVCMOS25             |       |          |      |              |          |          |
| imm5<2>                            | IOB              | INPUT     | LVCMOS25             |       |          |      |              |          |          |
| imm5<3>                            | IOB              | INPUT     | LVCMOS25             |       |          |      |              |          |          |
| imm5<4>                            | IOB              | INPUT     | LVCMOS25             |       |          |      |              |          |          |
+---------------------------------------------------------------------------------------------------------------------------------------------------------+

Section 7 - RPMs
----------------

Section 8 - Guide Report
------------------------
Guide not run on this design.

Section 9 - Area Group and Partition Summary
--------------------------------------------

Partition Implementation Status
-------------------------------

  No Partitions were found in this design.

-------------------------------

Area Group Information
----------------------

  No area groups were found in this design.

----------------------

Section 10 - Timing Report
--------------------------
A logic-level (pre-route) timing report can be generated by using Xilinx static
timing analysis tools, Timing Analyzer (GUI) or TRCE (command line), with the
mapped NCD and PCF files. Please note that this timing report will be generated
using estimated delay information. For accurate numbers, please generate a
timing report with the post Place and Route NCD file.

For more information about the Timing Analyzer, consult the Xilinx Timing
Analyzer Reference Manual; for more information about TRCE, consult the Xilinx
Command Line Tools User Guide "TRACE" chapter.

Section 11 - Configuration String Details
-----------------------------------------
Use the "-detail" map option to print out Configuration Strings

Section 12 - Control Set Information
------------------------------------
Use the "-detail" map option to print out Control Set Information.

Section 13 - Utilization by Hierarchy
-------------------------------------
Use the "-detail" map option to print out the Utilization by Hierarchy section.
