Command line:
   RAM_256x16_RAM_256x16_sch_tb_isim_beh.exe
     -simmode  gui
     -simrunnum  0
     -socket  53354

Tue Oct 18 16:14:15 2022


 Elaboration Time: 0.078125 sec

 Current Memory Usage: 5153.69 Meg

 Total Signals          : 99
 Total Nets             : 55
 Total Signal Drivers   : 25
 Total Blocks           : 19
 Total Primitive Blocks : 17
 Total Processes        : 60
 Total Traceable Variables  : 54
 Total Scalar Nets and Variables : 8353
Total Line Count : 159

 Total Simulation Time: 0.15625 sec

 Current Memory Usage: 5153.69 Meg

Tue Oct 18 16:14:37 2022

