Command line:
   RF_plus_ALU_RF_plus_ALU_sch_tb_isim_beh.exe
     -simmode  gui
     -simrunnum  1
     -socket  49166

Tue Oct 18 20:16:24 2022


 Elaboration Time: 0.078125 sec

 Current Memory Usage: 5166.19 Meg

 Total Signals          : 5255
 Total Nets             : 1243
 Total Signal Drivers   : 1323
 Total Blocks           : 1131
 Total Primitive Blocks : 1048
 Total Processes        : 1838
 Total Traceable Variables  : 287
 Total Scalar Nets and Variables : 1617
Total Line Count : 1661

 Total Simulation Time: 0.1875 sec

 Current Memory Usage: 5480.76 Meg

Tue Oct 18 20:17:00 2022

