Command line:
   sign_extend_8_16_sign_extend_8_16_sch_tb_isim_beh.exe
     -simmode  gui
     -simrunnum  0
     -socket  50353

Mon Sep 26 10:46:49 2022


 Elaboration Time: 0.015625 sec

 Current Memory Usage: 5154.05 Meg

 Total Signals          : 48
 Total Nets             : 37
 Total Signal Drivers   : 22
 Total Blocks           : 19
 Total Primitive Blocks : 17
 Total Processes        : 24
 Total Traceable Variables  : 19
 Total Scalar Nets and Variables : 125
Total Line Count : 25

 Total Simulation Time: 0.0625 sec

 Current Memory Usage: 5154.05 Meg

Mon Sep 26 10:47:08 2022

