Command line:
   register_file_16_bit_register_file_16_bit_sch_tb_isim_beh.exe
     -simmode  gui
     -simrunnum  1
     -socket  49157

Tue Oct 18 20:07:10 2022


 Elaboration Time: 0.09375 sec

 Current Memory Usage: 5166.14 Meg

 Total Signals          : 4320
 Total Nets             : 989
 Total Signal Drivers   : 1088
 Total Blocks           : 866
 Total Primitive Blocks : 821
 Total Processes        : 1603
 Total Traceable Variables  : 282
 Total Scalar Nets and Variables : 1385
Total Line Count : 1632

 Total Simulation Time: 0.15625 sec

 Current Memory Usage: 4694.28 Meg

Tue Oct 18 20:15:46 2022

