Command line:
   decoder_3_to_8_decoder_3_to_8_sch_tb_isim_beh.exe
     -simmode  gui
     -simrunnum  0
     -socket  52642

Fri Sep 09 18:36:06 2022


 Elaboration Time: 0.078125 sec

 Current Memory Usage: 5153.6 Meg

 Total Signals          : 100
 Total Nets             : 36
 Total Signal Drivers   : 28
 Total Blocks           : 23
 Total Primitive Blocks : 21
 Total Processes        : 30
 Total Traceable Variables  : 21
 Total Scalar Nets and Variables : 119
Total Line Count : 48

 Total Simulation Time: 0.171875 sec

 Current Memory Usage: 5153.6 Meg

Fri Sep 09 18:36:08 2022

