Command line:
   Instruction_Decode_Instruction_Decode_sch_tb_isim_beh.exe
     -simmode  gui
     -simrunnum  0
     -socket  62009

Thu Oct 20 13:59:15 2022


 Elaboration Time: 0.03125 sec

 Current Memory Usage: 5154.11 Meg

 Total Signals          : 372
 Total Nets             : 96
 Total Signal Drivers   : 73
 Total Blocks           : 68
 Total Primitive Blocks : 66
 Total Processes        : 75
 Total Traceable Variables  : 21
 Total Scalar Nets and Variables : 194
Total Line Count : 53

 Total Simulation Time: 0.140625 sec

 Current Memory Usage: 4682.25 Meg

Thu Oct 20 14:06:40 2022

