Command line:
   decoder_3_to_8_en_decoder_3_to_8_en_sch_tb_isim_beh.exe
     -simmode  gui
     -simrunnum  0
     -socket  59015

Fri Sep 09 20:15:31 2022


 Elaboration Time: 0.09375 sec

 Current Memory Usage: 5153.62 Meg

 Total Signals          : 109
 Total Nets             : 37
 Total Signal Drivers   : 29
 Total Blocks           : 23
 Total Primitive Blocks : 21
 Total Processes        : 31
 Total Traceable Variables  : 22
 Total Scalar Nets and Variables : 121
Total Line Count : 96

 Total Simulation Time: 0.359375 sec

 Current Memory Usage: 5153.62 Meg

Fri Sep 09 20:16:01 2022

