Command line:
   Single_Cycle_RISC_Single_Cycle_RISC_sch_tb_isim_beh.exe
     -simmode  gui
     -simrunnum  0
     -socket  51725

Thu Oct 20 20:47:43 2022


 Elaboration Time: 0.09375 sec

 Current Memory Usage: 5182.81 Meg

 Total Signals          : 9826
 Total Nets             : 2484
 Total Signal Drivers   : 2470
 Total Blocks           : 2423
 Total Primitive Blocks : 2162
 Total Processes        : 3128
 Total Traceable Variables  : 399
 Total Scalar Nets and Variables : 19477
Total Line Count : 2252

 Total Simulation Time: 0.171875 sec

 Current Memory Usage: 5182.81 Meg

Thu Oct 20 20:47:55 2022

