Command line:
   D_flip_flop_16_bit_D_flip_flop_16_bit_sch_tb_isim_beh.exe
     -simmode  gui
     -simrunnum  0
     -socket  49732

Sun Sep 11 10:50:04 2022


 Elaboration Time: 0.09375 sec

 Current Memory Usage: 5153.6 Meg

 Total Signals          : 514
 Total Nets             : 175
 Total Signal Drivers   : 152
 Total Blocks           : 147
 Total Primitive Blocks : 129
 Total Processes        : 203
 Total Traceable Variables  : 70
 Total Scalar Nets and Variables : 353
Total Line Count : 284

 Total Simulation Time: 0.25 sec

 Current Memory Usage: 5468.18 Meg

Sun Sep 11 10:50:42 2022

