Command line:
   multiplexer_8_to_1_16_bit_multiplexer_8_to_1_16_bit_sch_tb_isim_beh.exe
     -simmode  gui
     -simrunnum  0
     -socket  61420

Sat Sep 10 01:46:51 2022


 Elaboration Time: 0.109375 sec

 Current Memory Usage: 5158.38 Meg

 Total Signals          : 1706
 Total Nets             : 480
 Total Signal Drivers   : 352
 Total Blocks           : 355
 Total Primitive Blocks : 337
 Total Processes        : 354
 Total Traceable Variables  : 29
 Total Scalar Nets and Variables : 691
Total Line Count : 71

 Total Simulation Time: 1.32813 sec

 Current Memory Usage: 5001.09 Meg

Sat Sep 10 01:48:02 2022

