Command line:
   full_adder_full_adder_sch_tb_isim_beh.exe
     -simmode  gui
     -simrunnum  0
     -socket  61038

Sat Sep 10 11:17:33 2022


 Elaboration Time: 0.078125 sec

 Current Memory Usage: 5154.24 Meg

 Total Signals          : 38
 Total Nets             : 21
 Total Signal Drivers   : 13
 Total Blocks           : 8
 Total Primitive Blocks : 6
 Total Processes        : 15
 Total Traceable Variables  : 21
 Total Scalar Nets and Variables : 104
Total Line Count : 47

 Total Simulation Time: 0.53125 sec

 Current Memory Usage: 4996.95 Meg

Sat Sep 10 11:18:49 2022

