Command line:
   two_comple_adder_16bit_two_comple_adder_16bit_sch_tb_isim_beh.exe
     -simmode  gui
     -simrunnum  0
     -socket  51957

Wed Oct 05 12:35:09 2022


 Elaboration Time: 0.03125 sec

 Current Memory Usage: 5153.48 Meg

 Total Signals          : 463
 Total Nets             : 143
 Total Signal Drivers   : 105
 Total Blocks           : 117
 Total Primitive Blocks : 97
 Total Processes        : 107
 Total Traceable Variables  : 21
 Total Scalar Nets and Variables : 256
Total Line Count : 26

 Total Simulation Time: 0.109375 sec

 Current Memory Usage: 5468.06 Meg

Wed Oct 05 12:35:43 2022

